<?xml version="1.0" encoding="UTF-8"?>
<!-- Generated by org.testng.reporters.JUnitReportReporter -->
<testsuite hostname="TYSS-Darshan" failures="0" tests="1" name="testMsd.ProcessBuildMethod" time="0.018" errors="0" timestamp="2023-04-07T18:07:25 IST" skipped="0">
  <testcase classname="testMsd.ProcessBuildMethod" name="Launch" time="0.018"/>
  <system-out/>
</testsuite> <!-- testMsd.ProcessBuildMethod -->
